<?xml version="1.0" encoding="UTF-8"?>
<!-- Generated by org.testng.reporters.JUnitXMLReporter -->
<testsuite ignored="0" hostname="Kavitha_Bandiga" failures="1" tests="8" name="Test" time="56.105" errors="0" timestamp="2024-09-30T14:45:29 IST">
  <testcase classname="testCases.TC001_RegistrationTest" name="verify_Registration" time="2.144"/>
  <testcase classname="testCases.TC002_LoginTest" name="verify_login" time="1.576"/>
  <testcase classname="testCases.TC003_LoginDDT" name="verify_loginDDT" time="2.145"/>
  <testcase classname="testCases.TC003_LoginDDT" name="verify_loginDDT" time="1.959"/>
  <testcase classname="testCases.TC003_LoginDDT" name="verify_loginDDT" time="11.267">
    <failure type="java.lang.AssertionError" message="expected [true] but found [false]">
      <![CDATA[java.lang.AssertionError: expected [true] but found [false]
at testCases.TC003_LoginDDT.verify_loginDDT(TC003_LoginDDT.java:53)
at java.base/java.util.ArrayList.forEach(ArrayList.java:1511)
... Removed 31 stack frames]]>
    </failure>
  </testcase> <!-- verify_loginDDT -->
  <testcase classname="testCases.TC003_LoginDDT" name="verify_loginDDT" time="11.374"/>
  <testcase classname="testCases.TC003_LoginDDT" name="verify_loginDDT" time="2.184"/>
  <testcase classname="testCases.TC003_LoginDDT" name="verify_loginDDT" time="11.089"/>
</testsuite> <!-- Test -->
