<?xml version="1.0" encoding="UTF-8"?>
<!-- Generated by org.testng.reporters.JUnitXMLReporter -->
<testsuite ignored="0" hostname="Kavitha_Bandiga" failures="1" tests="8" name="Test" time="63.767" errors="0" timestamp="2024-10-08T13:02:08 IST">
  <testcase classname="testCases.TC001_RegistrationTest" name="verify_Registration" time="3.497"/>
  <testcase classname="testCases.TC002_LoginTest" name="verify_login" time="1.888"/>
  <testcase classname="testCases.TC003_LoginDDT" name="verify_loginDDT" time="2.691"/>
  <testcase classname="testCases.TC003_LoginDDT" name="verify_loginDDT" time="2.803"/>
  <testcase classname="testCases.TC003_LoginDDT" name="verify_loginDDT" time="11.387">
    <failure type="java.lang.AssertionError" message="expected [true] but found [false]">
      <![CDATA[java.lang.AssertionError: expected [true] but found [false]
at testCases.TC003_LoginDDT.verify_loginDDT(TC003_LoginDDT.java:53)
at java.base/java.util.ArrayList.forEach(ArrayList.java:1511)
... Removed 35 stack frames]]>
    </failure>
  </testcase> <!-- verify_loginDDT -->
  <testcase classname="testCases.TC003_LoginDDT" name="verify_loginDDT" time="11.809"/>
  <testcase classname="testCases.TC003_LoginDDT" name="verify_loginDDT" time="2.795"/>
  <testcase classname="testCases.TC003_LoginDDT" name="verify_loginDDT" time="11.419"/>
</testsuite> <!-- Test -->
